  Skipping CUDA source file BitonicSort.cu (excluded from build).
  Compiling CUDA source file OddEvenSort.cu...
  
  C:\Users\422-40\Desktop\12141680 알고리즘 과제1\12141680\12141680>"C:\Program Files\NVIDIA GPU Computing Toolkit\CUDA\v9.1\bin\nvcc.exe" -gencode=arch=compute_30,code=\"sm_30,compute_30\" --use-local-env --cl-version 2015 -ccbin "C:\Program Files (x86)\Microsoft Visual Studio 14.0\VC\bin\x86_amd64" -x cu  -I"C:\Program Files\NVIDIA GPU Computing Toolkit\CUDA\v9.1\include" -I"C:\Program Files\NVIDIA GPU Computing Toolkit\CUDA\v9.1\include"  -G   --keep-dir x64\Debug -maxrregcount=0  --machine 64 --compile -cudart static  -g   -DWIN32 -DWIN64 -D_DEBUG -D_CONSOLE -D_MBCS -Xcompiler "/EHsc /W3 /nologo /Od /FS /Zi /RTC1 /MDd " -o x64\Debug\OddEvenSort.cu.obj "C:\Users\422-40\Desktop\12141680 알고리즘 과제1\12141680\12141680\OddEvenSort.cu" 
c:\program files\nvidia gpu computing toolkit\cuda\v9.1\include\crt\math_functions.h : warning C4819: 현재 코드 페이지(949)에서 표시할 수 없는 문자가 파일에 들어 있습니다. 데이터가 손실되지 않게 하려면 해당 파일을 유니코드 형식으로 저장하십시오.
c:\program files\nvidia gpu computing toolkit\cuda\v9.1\include\crt\math_functions.h(838): warning C4819: 현재 코드 페이지(949)에서 표시할 수 없는 문자가 파일에 들어 있습니다. 데이터가 손실되지 않게 하려면 해당 파일을 유니코드 형식으로 저장하십시오.
c:\program files\nvidia gpu computing toolkit\cuda\v9.1\include\crt\math_functions.h(1772): warning C4819: 현재 코드 페이지(949)에서 표시할 수 없는 문자가 파일에 들어 있습니다. 데이터가 손실되지 않게 하려면 해당 파일을 유니코드 형식으로 저장하십시오.
c:\program files\nvidia gpu computing toolkit\cuda\v9.1\include\crt\math_functions.h(2628): warning C4819: 현재 코드 페이지(949)에서 표시할 수 없는 문자가 파일에 들어 있습니다. 데이터가 손실되지 않게 하려면 해당 파일을 유니코드 형식으로 저장하십시오.
c:\program files\nvidia gpu computing toolkit\cuda\v9.1\include\crt\math_functions.h(3477): warning C4819: 현재 코드 페이지(949)에서 표시할 수 없는 문자가 파일에 들어 있습니다. 데이터가 손실되지 않게 하려면 해당 파일을 유니코드 형식으로 저장하십시오.
c:\program files\nvidia gpu computing toolkit\cuda\v9.1\include\crt\math_functions.h(4417): warning C4819: 현재 코드 페이지(949)에서 표시할 수 없는 문자가 파일에 들어 있습니다. 데이터가 손실되지 않게 하려면 해당 파일을 유니코드 형식으로 저장하십시오.
c:\program files\nvidia gpu computing toolkit\cuda\v9.1\include\crt\math_functions.h(5319): warning C4819: 현재 코드 페이지(949)에서 표시할 수 없는 문자가 파일에 들어 있습니다. 데이터가 손실되지 않게 하려면 해당 파일을 유니코드 형식으로 저장하십시오.
c:\program files\nvidia gpu computing toolkit\cuda\v9.1\include\crt\math_functions.h(6229): warning C4819: 현재 코드 페이지(949)에서 표시할 수 없는 문자가 파일에 들어 있습니다. 데이터가 손실되지 않게 하려면 해당 파일을 유니코드 형식으로 저장하십시오.
c:\program files\nvidia gpu computing toolkit\cuda\v9.1\include\crt\math_functions.h(7104): warning C4819: 현재 코드 페이지(949)에서 표시할 수 없는 문자가 파일에 들어 있습니다. 데이터가 손실되지 않게 하려면 해당 파일을 유니코드 형식으로 저장하십시오.
c:\program files\nvidia gpu computing toolkit\cuda\v9.1\include\crt\math_functions.h(7914): warning C4819: 현재 코드 페이지(949)에서 표시할 수 없는 문자가 파일에 들어 있습니다. 데이터가 손실되지 않게 하려면 해당 파일을 유니코드 형식으로 저장하십시오.
c:\program files\nvidia gpu computing toolkit\cuda\v9.1\include\crt/device_functions.h : warning C4819: 현재 코드 페이지(949)에서 표시할 수 없는 문자가 파일에 들어 있습니다. 데이터가 손실되지 않게 하려면 해당 파일을 유니코드 형식으로 저장하십시오.
c:\program files\nvidia gpu computing toolkit\cuda\v9.1\include\crt/device_functions.h(776): warning C4819: 현재 코드 페이지(949)에서 표시할 수 없는 문자가 파일에 들어 있습니다. 데이터가 손실되지 않게 하려면 해당 파일을 유니코드 형식으로 저장하십시오.
c:\program files\nvidia gpu computing toolkit\cuda\v9.1\include\crt/device_functions.h(1636): warning C4819: 현재 코드 페이지(949)에서 표시할 수 없는 문자가 파일에 들어 있습니다. 데이터가 손실되지 않게 하려면 해당 파일을 유니코드 형식으로 저장하십시오.
c:\program files\nvidia gpu computing toolkit\cuda\v9.1\include\crt\device_double_functions.h : warning C4819: 현재 코드 페이지(949)에서 표시할 수 없는 문자가 파일에 들어 있습니다. 데이터가 손실되지 않게 하려면 해당 파일을 유니코드 형식으로 저장하십시오.
c:\program files\nvidia gpu computing toolkit\cuda\v9.1\include\sm_20_intrinsics.h : warning C4819: 현재 코드 페이지(949)에서 표시할 수 없는 문자가 파일에 들어 있습니다. 데이터가 손실되지 않게 하려면 해당 파일을 유니코드 형식으로 저장하십시오.
c:\program files\nvidia gpu computing toolkit\cuda\v9.1\include\sm_20_intrinsics.h(925): warning C4819: 현재 코드 페이지(949)에서 표시할 수 없는 문자가 파일에 들어 있습니다. 데이터가 손실되지 않게 하려면 해당 파일을 유니코드 형식으로 저장하십시오.
c:\program files\nvidia gpu computing toolkit\cuda\v9.1\include\crt\math_functions.h : warning C4819: 현재 코드 페이지(949)에서 표시할 수 없는 문자가 파일에 들어 있습니다. 데이터가 손실되지 않게 하려면 해당 파일을 유니코드 형식으로 저장하십시오.
c:\program files\nvidia gpu computing toolkit\cuda\v9.1\include\crt\math_functions.h(838): warning C4819: 현재 코드 페이지(949)에서 표시할 수 없는 문자가 파일에 들어 있습니다. 데이터가 손실되지 않게 하려면 해당 파일을 유니코드 형식으로 저장하십시오.
c:\program files\nvidia gpu computing toolkit\cuda\v9.1\include\crt\math_functions.h(1772): warning C4819: 현재 코드 페이지(949)에서 표시할 수 없는 문자가 파일에 들어 있습니다. 데이터가 손실되지 않게 하려면 해당 파일을 유니코드 형식으로 저장하십시오.
c:\program files\nvidia gpu computing toolkit\cuda\v9.1\include\crt\math_functions.h(2628): warning C4819: 현재 코드 페이지(949)에서 표시할 수 없는 문자가 파일에 들어 있습니다. 데이터가 손실되지 않게 하려면 해당 파일을 유니코드 형식으로 저장하십시오.
c:\program files\nvidia gpu computing toolkit\cuda\v9.1\include\crt\math_functions.h(3477): warning C4819: 현재 코드 페이지(949)에서 표시할 수 없는 문자가 파일에 들어 있습니다. 데이터가 손실되지 않게 하려면 해당 파일을 유니코드 형식으로 저장하십시오.
c:\program files\nvidia gpu computing toolkit\cuda\v9.1\include\crt\math_functions.h(4417): warning C4819: 현재 코드 페이지(949)에서 표시할 수 없는 문자가 파일에 들어 있습니다. 데이터가 손실되지 않게 하려면 해당 파일을 유니코드 형식으로 저장하십시오.
c:\program files\nvidia gpu computing toolkit\cuda\v9.1\include\crt\math_functions.h(5319): warning C4819: 현재 코드 페이지(949)에서 표시할 수 없는 문자가 파일에 들어 있습니다. 데이터가 손실되지 않게 하려면 해당 파일을 유니코드 형식으로 저장하십시오.
c:\program files\nvidia gpu computing toolkit\cuda\v9.1\include\crt\math_functions.h(6229): warning C4819: 현재 코드 페이지(949)에서 표시할 수 없는 문자가 파일에 들어 있습니다. 데이터가 손실되지 않게 하려면 해당 파일을 유니코드 형식으로 저장하십시오.
c:\program files\nvidia gpu computing toolkit\cuda\v9.1\include\crt\math_functions.h(7104): warning C4819: 현재 코드 페이지(949)에서 표시할 수 없는 문자가 파일에 들어 있습니다. 데이터가 손실되지 않게 하려면 해당 파일을 유니코드 형식으로 저장하십시오.
c:\program files\nvidia gpu computing toolkit\cuda\v9.1\include\crt\math_functions.h(7914): warning C4819: 현재 코드 페이지(949)에서 표시할 수 없는 문자가 파일에 들어 있습니다. 데이터가 손실되지 않게 하려면 해당 파일을 유니코드 형식으로 저장하십시오.
c:\program files\nvidia gpu computing toolkit\cuda\v9.1\include\crt/device_functions.h : warning C4819: 현재 코드 페이지(949)에서 표시할 수 없는 문자가 파일에 들어 있습니다. 데이터가 손실되지 않게 하려면 해당 파일을 유니코드 형식으로 저장하십시오.
c:\program files\nvidia gpu computing toolkit\cuda\v9.1\include\crt/device_functions.h(776): warning C4819: 현재 코드 페이지(949)에서 표시할 수 없는 문자가 파일에 들어 있습니다. 데이터가 손실되지 않게 하려면 해당 파일을 유니코드 형식으로 저장하십시오.
c:\program files\nvidia gpu computing toolkit\cuda\v9.1\include\crt/device_functions.h(1636): warning C4819: 현재 코드 페이지(949)에서 표시할 수 없는 문자가 파일에 들어 있습니다. 데이터가 손실되지 않게 하려면 해당 파일을 유니코드 형식으로 저장하십시오.
c:\program files\nvidia gpu computing toolkit\cuda\v9.1\include\crt\device_double_functions.h : warning C4819: 현재 코드 페이지(949)에서 표시할 수 없는 문자가 파일에 들어 있습니다. 데이터가 손실되지 않게 하려면 해당 파일을 유니코드 형식으로 저장하십시오.
c:\program files\nvidia gpu computing toolkit\cuda\v9.1\include\sm_20_intrinsics.h : warning C4819: 현재 코드 페이지(949)에서 표시할 수 없는 문자가 파일에 들어 있습니다. 데이터가 손실되지 않게 하려면 해당 파일을 유니코드 형식으로 저장하십시오.
c:\program files\nvidia gpu computing toolkit\cuda\v9.1\include\sm_20_intrinsics.h(925): warning C4819: 현재 코드 페이지(949)에서 표시할 수 없는 문자가 파일에 들어 있습니다. 데이터가 손실되지 않게 하려면 해당 파일을 유니코드 형식으로 저장하십시오.
  OddEvenSort.cu
c:\program files\nvidia gpu computing toolkit\cuda\v9.1\include\crt\math_functions.h : warning C4819: 현재 코드 페이지(949)에서 표시할 수 없는 문자가 파일에 들어 있습니다. 데이터가 손실되지 않게 하려면 해당 파일을 유니코드 형식으로 저장하십시오.
c:\program files\nvidia gpu computing toolkit\cuda\v9.1\include\crt\math_functions.h(838): warning C4819: 현재 코드 페이지(949)에서 표시할 수 없는 문자가 파일에 들어 있습니다. 데이터가 손실되지 않게 하려면 해당 파일을 유니코드 형식으로 저장하십시오.
c:\program files\nvidia gpu computing toolkit\cuda\v9.1\include\crt\math_functions.h(1772): warning C4819: 현재 코드 페이지(949)에서 표시할 수 없는 문자가 파일에 들어 있습니다. 데이터가 손실되지 않게 하려면 해당 파일을 유니코드 형식으로 저장하십시오.
c:\program files\nvidia gpu computing toolkit\cuda\v9.1\include\crt\math_functions.h(2628): warning C4819: 현재 코드 페이지(949)에서 표시할 수 없는 문자가 파일에 들어 있습니다. 데이터가 손실되지 않게 하려면 해당 파일을 유니코드 형식으로 저장하십시오.
c:\program files\nvidia gpu computing toolkit\cuda\v9.1\include\crt\math_functions.h(3477): warning C4819: 현재 코드 페이지(949)에서 표시할 수 없는 문자가 파일에 들어 있습니다. 데이터가 손실되지 않게 하려면 해당 파일을 유니코드 형식으로 저장하십시오.
c:\program files\nvidia gpu computing toolkit\cuda\v9.1\include\crt\math_functions.h(4417): warning C4819: 현재 코드 페이지(949)에서 표시할 수 없는 문자가 파일에 들어 있습니다. 데이터가 손실되지 않게 하려면 해당 파일을 유니코드 형식으로 저장하십시오.
c:\program files\nvidia gpu computing toolkit\cuda\v9.1\include\crt\math_functions.h(5319): warning C4819: 현재 코드 페이지(949)에서 표시할 수 없는 문자가 파일에 들어 있습니다. 데이터가 손실되지 않게 하려면 해당 파일을 유니코드 형식으로 저장하십시오.
c:\program files\nvidia gpu computing toolkit\cuda\v9.1\include\crt\math_functions.h(6229): warning C4819: 현재 코드 페이지(949)에서 표시할 수 없는 문자가 파일에 들어 있습니다. 데이터가 손실되지 않게 하려면 해당 파일을 유니코드 형식으로 저장하십시오.
c:\program files\nvidia gpu computing toolkit\cuda\v9.1\include\crt\math_functions.h(7104): warning C4819: 현재 코드 페이지(949)에서 표시할 수 없는 문자가 파일에 들어 있습니다. 데이터가 손실되지 않게 하려면 해당 파일을 유니코드 형식으로 저장하십시오.
c:\program files\nvidia gpu computing toolkit\cuda\v9.1\include\crt\math_functions.h(7914): warning C4819: 현재 코드 페이지(949)에서 표시할 수 없는 문자가 파일에 들어 있습니다. 데이터가 손실되지 않게 하려면 해당 파일을 유니코드 형식으로 저장하십시오.
  12141680.vcxproj -> C:\Users\422-40\Desktop\12141680 알고리즘 과제1\12141680\x64\Debug\12141680.exe
  12141680.vcxproj -> C:\Users\422-40\Desktop\12141680 알고리즘 과제1\12141680\x64\Debug\12141680.pdb (Full PDB)
  copy "C:\Program Files\NVIDIA GPU Computing Toolkit\CUDA\v9.1\bin\cudart*.dll" "C:\Users\422-40\Desktop\12141680 알고리즘 과제1\12141680\x64\Debug\"
  C:\Program Files\NVIDIA GPU Computing Toolkit\CUDA\v9.1\bin\cudart32_91.dll
  C:\Program Files\NVIDIA GPU Computing Toolkit\CUDA\v9.1\bin\cudart64_91.dll
          2개 파일이 복사되었습니다.
